01-12-2021 23:22:22	JOB-20210112232222_732538262	Starting Script
01-12-2021 23:22:22	JOB-20210112232222_732538262	Connecting to vcsa.vsphere.local with credentials HOME-VC
01-12-2021 23:22:22	JOB-20210112232222_732538262	Getting VM List from vCenter
01-12-2021 23:22:22	JOB-20210112232222_732538262	Running loop for VM Home Directory and VMDK Policy
01-12-2021 23:22:22	JOB-20210112232222_732538262	Disconnecting from vcsa.vsphere.local
01-12-2021 23:22:22	JOB-20210112232222_732538262	Script Finished
01-12-2021 23:25:21	JOB-20210112232521_1836167740	Starting Script
01-12-2021 23:25:21	JOB-20210112232521_1836167740	Connecting to vcsa.vsphere.local with credentials HOME-VC
01-12-2021 23:25:22	JOB-20210112232521_1836167740	Getting VM List from vCenter
01-12-2021 23:25:22	JOB-20210112232521_1836167740	Running loop for VM Home Directory and VMDK Policy
01-12-2021 23:25:22	JOB-20210112232521_1836167740	Disconnecting from vcsa.vsphere.local
01-12-2021 23:25:22	JOB-20210112232521_1836167740	Script Finished
01-12-2021 23:27:03	JOB-20210112232703_863987013	Starting Script
01-12-2021 23:27:03	JOB-20210112232703_863987013	Connecting to vcsa.vsphere.local with credentials HOME-VC
01-12-2021 23:27:04	JOB-20210112232703_863987013	Getting VM List from vCenter
01-12-2021 23:27:04	JOB-20210112232703_863987013	Running loop for VM Home Directory and VMDK Policy
01-12-2021 23:27:04	JOB-20210112232703_863987013	Disconnecting from vcsa.vsphere.local
01-12-2021 23:27:04	JOB-20210112232703_863987013	Script Finished
01-12-2021 23:28:24	JOB-20210112232824_996034643	Starting Script
01-12-2021 23:28:24	JOB-20210112232824_996034643	Connecting to vcsa.vsphere.local with credentials HOME-VC
01-12-2021 23:28:24	JOB-20210112232824_996034643	Getting VM List from vCenter
01-12-2021 23:28:24	JOB-20210112232824_996034643	Running loop for VM Home Directory and VMDK Policy
01-12-2021 23:28:24	JOB-20210112232824_996034643	Disconnecting from vcsa.vsphere.local
01-12-2021 23:28:24	JOB-20210112232824_996034643	Script Finished
01-12-2021 23:31:16	JOB-20210112233116_575278352	Starting Script
01-12-2021 23:31:16	JOB-20210112233116_575278352	Connecting to vcsa.vsphere.local with credentials HOME-VC
01-12-2021 23:31:17	JOB-20210112233116_575278352	Getting VM List from vCenter
01-12-2021 23:31:17	JOB-20210112233116_575278352	Running loop for VM Home Directory and VMDK Policy
01-12-2021 23:31:17	JOB-20210112233116_575278352	Disconnecting from vcsa.vsphere.local
01-12-2021 23:31:17	JOB-20210112233116_575278352	Script Finished
01-12-2021 23:34:19	JOB-20210112233419_163940698	Starting Script
01-12-2021 23:34:19	JOB-20210112233419_163940698	Connecting to vcsa.vsphere.local with credentials HOME-VC
01-12-2021 23:34:23	JOB-20210112233419_163940698	Getting VM List from vCenter
01-12-2021 23:34:23	JOB-20210112233419_163940698	Running loop for VM Home Directory and VMDK Policy
01-12-2021 23:34:24	JOB-20210112233419_163940698	Generating report spbm-report.csv
01-12-2021 23:34:24	JOB-20210112233419_163940698	Generating report spbm-report.csv
01-12-2021 23:34:25	JOB-20210112233419_163940698	Generating report spbm-report.csv
01-12-2021 23:34:25	JOB-20210112233419_163940698	Generating report spbm-report.csv
01-12-2021 23:34:25	JOB-20210112233419_163940698	Generating report spbm-report.csv
01-12-2021 23:34:25	JOB-20210112233419_163940698	Generating report spbm-report.csv
01-12-2021 23:34:26	JOB-20210112233419_163940698	Generating report spbm-report.csv
01-12-2021 23:34:26	JOB-20210112233419_163940698	Generating report spbm-report.csv
01-12-2021 23:34:27	JOB-20210112233419_163940698	Generating report spbm-report.csv
01-12-2021 23:34:27	JOB-20210112233419_163940698	Generating report spbm-report.csv
01-12-2021 23:34:28	JOB-20210112233419_163940698	Generating report spbm-report.csv
01-12-2021 23:34:29	JOB-20210112233419_163940698	Generating report spbm-report.csv
01-12-2021 23:34:29	JOB-20210112233419_163940698	Generating report spbm-report.csv
01-12-2021 23:34:29	JOB-20210112233419_163940698	Generating report spbm-report.csv
01-12-2021 23:34:33	JOB-20210112233419_163940698	Generating report spbm-report.csv
01-12-2021 23:34:34	JOB-20210112233419_163940698	Generating report spbm-report.csv
01-12-2021 23:34:35	JOB-20210112233419_163940698	Generating report spbm-report.csv
01-12-2021 23:34:35	JOB-20210112233419_163940698	Generating report spbm-report.csv
01-12-2021 23:34:35	JOB-20210112233419_163940698	Generating report spbm-report.csv
01-12-2021 23:34:35	JOB-20210112233419_163940698	Generating report spbm-report.csv
01-12-2021 23:34:35	JOB-20210112233419_163940698	Disconnecting from vcsa.vsphere.local
01-12-2021 23:34:35	JOB-20210112233419_163940698	Script Finished
